2022-04-02 15:38:25 INFO   task8:84 - Тестирование метода сдвига массива, задание 8
2022-04-02 15:38:25 INFO   task8:85 - Исходный массив[1, 2, 3, 4, 5, 6, 7, 8] Сдвиг = -1 ожидаем массив =[2, 3, 4, 5, 6, 7, 8, 1]
2022-04-02 15:38:25 INFO   task8:89 - Test done
2022-04-03 18:28:28 INFO   task8:16 - 
Начинаем тестировать задание 8, возвращаем true если можно разбить массив так , что бы его сумма левой части элементов массива была = сумме его правой части элементов
2022-04-03 18:28:28 INFO   task8:17 - Входящий массив=[1, 1, 1, 2, 1]
2022-04-03 18:28:28 DEBUG  task8:23 - Сумма элементов в массиве = 6
2022-04-03 18:28:28 DEBUG  task8:27 - Число найдено, сумма первых 3 элементов = сумме оставшихся элементов в массиве и = 3
2022-04-03 18:37:47 INFO   task8:16 - 
Начинаем тестировать задание 8, возвращаем true если можно разбить массив так , что бы его сумма левой части элементов массива была = сумме его правой части элементов
2022-04-03 18:37:47 INFO   task8:17 - Входящий массив=[1, 1, 1, 2, 1]
2022-04-03 18:37:47 DEBUG  task8:23 - Сумма элементов в массиве = 6
2022-04-03 18:37:47 DEBUG  task8:27 - Число найдено, сумма первых 3 элементов = сумме оставшихся элементов в массиве и = 3
2022-04-03 18:37:52 INFO   task8:62 - начинается тестирование сдвига массива, входящие данные Массив = [1, 2, 3, 4, 5, 6, 7, 8, 9, 10], сдвиг n= 54
2022-04-03 18:37:52 DEBUG  task8:65 - сдвиг будет осущетвляться влево, т.к входящее значение  n отрицательное, сдвиг прведется на n=n остаток от деления на длинну входящего массива. сдвиг равен =4
2022-04-03 18:37:52 DEBUG  task8:73 - сдвинули на 1
2022-04-03 18:37:52 DEBUG  task8:73 - сдвинули на 2
2022-04-03 18:37:52 DEBUG  task8:73 - сдвинули на 3
2022-04-03 18:37:52 DEBUG  task8:73 - сдвинули на 4
2022-04-03 18:39:54 INFO   task8:16 - 
Начинаем тестировать задание 8, возвращаем true если можно разбить массив так , что бы его сумма левой части элементов массива была = сумме его правой части элементов
2022-04-03 18:39:54 INFO   task8:17 - Входящий массив=[1, 1, 1, 2, 1]
2022-04-03 18:39:54 DEBUG  task8:23 - Сумма элементов в массиве = 6
2022-04-03 18:39:54 DEBUG  task8:27 - Число найдено, сумма первых 3 элементов = сумме оставшихся элементов в массиве и = 3
2022-04-03 18:39:58 INFO   task8:62 - начинается тестирование сдвига массива, входящие данные Массив = [1, 2, 3, 4, 5, 6, 7, 8, 9, 10], сдвиг n= -54
2022-04-03 18:39:58 DEBUG  task8:66 - сдвиг будет осущетвляться вправо, т.к входящее значение  n положительно, сдвиг прведется на n=n остаток от деления на длинну входящего массива. сдвиг равен =" + tempIndex
2022-04-03 18:39:58 DEBUG  task8:79 - сдвинули на -1 результат =[2, 3, 4, 5, 6, 7, 8, 9, 10, 1]
2022-04-03 18:39:58 DEBUG  task8:79 - сдвинули на -2 результат =[3, 4, 5, 6, 7, 8, 9, 10, 1, 2]
2022-04-03 18:39:58 DEBUG  task8:79 - сдвинули на -3 результат =[4, 5, 6, 7, 8, 9, 10, 1, 2, 3]
2022-04-03 18:39:58 DEBUG  task8:79 - сдвинули на -4 результат =[5, 6, 7, 8, 9, 10, 1, 2, 3, 4]
2022-04-03 18:40:43 INFO   task8:16 - 
Начинаем тестировать задание 8, возвращаем true если можно разбить массив так , что бы его сумма левой части элементов массива была = сумме его правой части элементов
2022-04-03 18:40:43 INFO   task8:17 - Входящий массив=[1, 1, 1, 2, 1]
2022-04-03 18:40:43 DEBUG  task8:23 - Сумма элементов в массиве = 6
2022-04-03 18:40:43 DEBUG  task8:27 - Число найдено, сумма первых 3 элементов = сумме оставшихся элементов в массиве и = 3
2022-04-03 18:40:46 INFO   task8:62 - начинается тестирование сдвига массива, входящие данные Массив = [1, 2, 3, 4, 5, 6, 7, 8, 9, 10], сдвиг n= -56
2022-04-03 18:40:46 DEBUG  task8:66 - сдвиг будет осущетвляться вправо, т.к входящее значение  n положительно, сдвиг прведется на n=n остаток от деления на длинну входящего массива. сдвиг равен =6
2022-04-03 18:40:46 DEBUG  task8:79 - сдвинули на -1 результат =[2, 3, 4, 5, 6, 7, 8, 9, 10, 1]
2022-04-03 18:40:46 DEBUG  task8:79 - сдвинули на -2 результат =[3, 4, 5, 6, 7, 8, 9, 10, 1, 2]
2022-04-03 18:40:46 DEBUG  task8:79 - сдвинули на -3 результат =[4, 5, 6, 7, 8, 9, 10, 1, 2, 3]
2022-04-03 18:40:46 DEBUG  task8:79 - сдвинули на -4 результат =[5, 6, 7, 8, 9, 10, 1, 2, 3, 4]
2022-04-03 18:40:46 DEBUG  task8:79 - сдвинули на -5 результат =[6, 7, 8, 9, 10, 1, 2, 3, 4, 5]
2022-04-03 18:40:46 DEBUG  task8:79 - сдвинули на -6 результат =[7, 8, 9, 10, 1, 2, 3, 4, 5, 6]
